2020-01-21 06:58:58.321  INFO 28765 --- [restartedMain] i.g.j.registry.JHipsterRegistryApp       : The following profiles are active: composite,dev,swagger
2020-01-21 06:59:00.542  WARN 28765 --- [restartedMain] o.s.boot.actuate.endpoint.EndpointId     : Endpoint ID 'service-registry' contains invalid characters, please migrate to a valid format.
2020-01-21 06:59:00.600  WARN 28765 --- [restartedMain] o.s.boot.actuate.endpoint.EndpointId     : Endpoint ID 'hystrix.stream' contains invalid characters, please migrate to a valid format.
2020-01-21 06:59:02.392 DEBUG 28765 --- [restartedMain] i.m.c.u.i.logging.InternalLoggerFactory  : Using SLF4J as the default logging framework
2020-01-21 06:59:04.091 DEBUG 28765 --- [restartedMain] i.g.j.registry.config.WebConfigurer      : Registering CORS filter
2020-01-21 06:59:04.151  INFO 28765 --- [restartedMain] i.g.j.registry.config.WebConfigurer      : Web application configuration, using profiles: composite
2020-01-21 06:59:04.154  INFO 28765 --- [restartedMain] i.g.j.registry.config.WebConfigurer      : Web application fully configured
2020-01-21 06:59:04.751  INFO 28765 --- [restartedMain] i.g.j.r.security.jwt.TokenProvider       : The JWT key used is not Base64-encoded. We recommend using the `jhipster.security.authentication.jwt.base64-secret` key for optimum security.
2020-01-21 06:59:04.752 ERROR 28765 --- [restartedMain] i.g.j.r.security.jwt.TokenProvider       : 
----------------------------------------------------------
Your JWT secret key is not set up, you will not be able to log into the JHipster.
Please read the documentation at https://www.jhipster.tech/jhipster-registry/
----------------------------------------------------------
2020-01-21 06:59:04.755  WARN 28765 --- [restartedMain] ConfigServletWebServerApplicationContext : Exception encountered during context initialization - cancelling refresh attempt: org.springframework.beans.factory.UnsatisfiedDependencyException: Error creating bean with name 'userJWTController' defined in file [/home/fabrizio/Desktop/myRubricaApp/jhipster-registry/target/classes/io/github/jhipster/registry/web/rest/UserJWTController.class]: Unsatisfied dependency expressed through constructor parameter 0; nested exception is org.springframework.beans.factory.BeanCreationException: Error creating bean with name 'tokenProvider' defined in class path resource [io/github/jhipster/registry/config/JWTSecurityConfiguration.class]: Invocation of init method failed; nested exception is java.lang.RuntimeException: No JWT secret key is configured, the application cannot start.
2020-01-21 06:59:04.789 ERROR 28765 --- [restartedMain] o.s.boot.SpringApplication               : Application run failed

org.springframework.beans.factory.UnsatisfiedDependencyException: Error creating bean with name 'userJWTController' defined in file [/home/fabrizio/Desktop/myRubricaApp/jhipster-registry/target/classes/io/github/jhipster/registry/web/rest/UserJWTController.class]: Unsatisfied dependency expressed through constructor parameter 0; nested exception is org.springframework.beans.factory.BeanCreationException: Error creating bean with name 'tokenProvider' defined in class path resource [io/github/jhipster/registry/config/JWTSecurityConfiguration.class]: Invocation of init method failed; nested exception is java.lang.RuntimeException: No JWT secret key is configured, the application cannot start.
	at org.springframework.beans.factory.support.ConstructorResolver.createArgumentArray(ConstructorResolver.java:769)
	at org.springframework.beans.factory.support.ConstructorResolver.autowireConstructor(ConstructorResolver.java:218)
	at org.springframework.beans.factory.support.AbstractAutowireCapableBeanFactory.autowireConstructor(AbstractAutowireCapableBeanFactory.java:1341)
	at org.springframework.beans.factory.support.AbstractAutowireCapableBeanFactory.createBeanInstance(AbstractAutowireCapableBeanFactory.java:1187)
	at org.springframework.beans.factory.support.AbstractAutowireCapableBeanFactory.doCreateBean(AbstractAutowireCapableBeanFactory.java:555)
	at org.springframework.beans.factory.support.AbstractAutowireCapableBeanFactory.createBean(AbstractAutowireCapableBeanFactory.java:515)
	at org.springframework.beans.factory.support.AbstractBeanFactory.lambda$doGetBean$0(AbstractBeanFactory.java:320)
	at org.springframework.beans.factory.support.DefaultSingletonBeanRegistry.getSingleton(DefaultSingletonBeanRegistry.java:222)
	at org.springframework.beans.factory.support.AbstractBeanFactory.doGetBean(AbstractBeanFactory.java:318)
	at org.springframework.beans.factory.support.AbstractBeanFactory.getBean(AbstractBeanFactory.java:199)
	at org.springframework.beans.factory.support.DefaultListableBeanFactory.preInstantiateSingletons(DefaultListableBeanFactory.java:847)
	at org.springframework.context.support.AbstractApplicationContext.finishBeanFactoryInitialization(AbstractApplicationContext.java:877)
	at org.springframework.context.support.AbstractApplicationContext.refresh(AbstractApplicationContext.java:549)
	at org.springframework.boot.web.servlet.context.ServletWebServerApplicationContext.refresh(ServletWebServerApplicationContext.java:141)
	at org.springframework.boot.SpringApplication.refresh(SpringApplication.java:744)
	at org.springframework.boot.SpringApplication.refreshContext(SpringApplication.java:391)
	at org.springframework.boot.SpringApplication.run(SpringApplication.java:312)
	at io.github.jhipster.registry.JHipsterRegistryApp.main(JHipsterRegistryApp.java:71)
	at sun.reflect.NativeMethodAccessorImpl.invoke0(Native Method)
	at sun.reflect.NativeMethodAccessorImpl.invoke(NativeMethodAccessorImpl.java:62)
	at sun.reflect.DelegatingMethodAccessorImpl.invoke(DelegatingMethodAccessorImpl.java:43)
	at java.lang.reflect.Method.invoke(Method.java:498)
	at org.springframework.boot.devtools.restart.RestartLauncher.run(RestartLauncher.java:49)
Caused by: org.springframework.beans.factory.BeanCreationException: Error creating bean with name 'tokenProvider' defined in class path resource [io/github/jhipster/registry/config/JWTSecurityConfiguration.class]: Invocation of init method failed; nested exception is java.lang.RuntimeException: No JWT secret key is configured, the application cannot start.
	at org.springframework.beans.factory.support.AbstractAutowireCapableBeanFactory.initializeBean(AbstractAutowireCapableBeanFactory.java:1778)
	at org.springframework.beans.factory.support.AbstractAutowireCapableBeanFactory.doCreateBean(AbstractAutowireCapableBeanFactory.java:593)
	at org.springframework.beans.factory.support.AbstractAutowireCapableBeanFactory.createBean(AbstractAutowireCapableBeanFactory.java:515)
	at org.springframework.beans.factory.support.AbstractBeanFactory.lambda$doGetBean$0(AbstractBeanFactory.java:320)
	at org.springframework.beans.factory.support.DefaultSingletonBeanRegistry.getSingleton(DefaultSingletonBeanRegistry.java:222)
	at org.springframework.beans.factory.support.AbstractBeanFactory.doGetBean(AbstractBeanFactory.java:318)
	at org.springframework.beans.factory.support.AbstractBeanFactory.getBean(AbstractBeanFactory.java:199)
	at org.springframework.beans.factory.config.DependencyDescriptor.resolveCandidate(DependencyDescriptor.java:277)
	at org.springframework.beans.factory.support.DefaultListableBeanFactory.doResolveDependency(DefaultListableBeanFactory.java:1255)
	at org.springframework.beans.factory.support.DefaultListableBeanFactory.resolveDependency(DefaultListableBeanFactory.java:1175)
	at org.springframework.beans.factory.support.ConstructorResolver.resolveAutowiredArgument(ConstructorResolver.java:857)
	at org.springframework.beans.factory.support.ConstructorResolver.createArgumentArray(ConstructorResolver.java:760)
	... 22 common frames omitted
Caused by: java.lang.RuntimeException: No JWT secret key is configured, the application cannot start.
	at io.github.jhipster.registry.security.jwt.TokenProvider.afterPropertiesSet(TokenProvider.java:61)
	at org.springframework.beans.factory.support.AbstractAutowireCapableBeanFactory.invokeInitMethods(AbstractAutowireCapableBeanFactory.java:1837)
	at org.springframework.beans.factory.support.AbstractAutowireCapableBeanFactory.initializeBean(AbstractAutowireCapableBeanFactory.java:1774)
	... 33 common frames omitted

